<?xml version="1.0" encoding="UTF-8"?>
<testsuite xmlns:xsi="http://www.w3.org/2001/XMLSchema-instance" xsi:noNamespaceSchemaLocation="https://maven.apache.org/surefire/maven-surefire-plugin/xsd/surefire-test-report-3.0.xsd" version="3.0" name="com.pb.cucumbertest.stepdefinitions.TestRunner" time="0.575" tests="1" errors="1" skipped="0" failures="0">
  <properties>
[...]
</properties>
  <testcase name="" classname="com.pb.cucumbertest.stepdefinitions.TestRunner" time="0.566">
    <error message="Receiver class io.qameta.allure.cucumber5jvm.AllureCucumber5Jvm$$Lambda$141/0x0000000800131040 does not define or inherit an implementation of the resolved method abstract receive(Ljava/lang/Object;)V of interface io.cucumber.plugin.event.EventHandler." type="java.lang.AbstractMethodError"><![CDATA[java.lang.AbstractMethodError: Receiver class io.qameta.allure.cucumber5jvm.AllureCucumber5Jvm$$Lambda$141/0x0000000800131040 does not define or inherit an implementation of the resolved method abstract receive(Ljava/lang/Object;)V of interface io.cucumber.plugin.event.EventHandler.
]]></error>
    <system-err><![CDATA[SLF4J: Failed to load class "org.slf4j.impl.StaticLoggerBinder".
SLF4J: Defaulting to no-operation (NOP) logger implementation
SLF4J: See http://www.slf4j.org/codes.html#StaticLoggerBinder for further details.
]]></system-err>
  </testcase>
</testsuite>